<?xml version="1.0" encoding="UTF-8"?>
<!-- Generated by org.testng.reporters.JUnitReportReporter -->
<testsuite hostname="DESKTOP-6UB5GE2" failures="0" tests="4" name="automationFramework.APITest" time="5.332" errors="0" timestamp="2024-01-14T17:56:16 IST" skipped="0">
  <testcase classname="automationFramework.APITest" name="loginApiCompany" time="2.230"/>
  <system-out/>
  <testcase classname="automationFramework.APITest" name="getEmployes" time="2.156"/>
  <system-out/>
  <testcase classname="automationFramework.APITest" name="CheckIn" time="0.509"/>
  <system-out/>
  <testcase classname="automationFramework.APITest" name="CheckOut" time="0.437"/>
  <system-out/>
</testsuite> <!-- automationFramework.APITest -->
